生成启动时间为 2019/3/13 22:10:51。
     1>项目“C:\Users\叶俊\Desktop\sln\sln\sln.vcxproj”在节点 2 上(build 个目标)。
     1>InitializeBuildStatus:
         正在创建“Debug\sln.unsuccessfulbuild”，因为已指定“AlwaysCreate”。
       ClCompile:
         C:\Program Files (x86)\Microsoft Visual Studio 10.0\VC\bin\CL.exe /c /ZI /nologo /W3 /WX- /Od /Oy- /D WIN32 /D _DEBUG /D _CONSOLE /D _UNICODE /D UNICODE /Gm /EHsc /RTC1 /MDd /GS /fp:precise /Zc:wchar_t /Zc:forScope /Fo"Debug\\" /Fd"Debug\vc100.pdb" /Gd /TP /analyze- /errorReport:prompt watchTest.cpp
         watchTest.cpp
     1>c:\users\叶俊\desktop\sln\sln\watchtest.cpp(20): warning C4244: “初始化”: 从“int”转换到“float”，可能丢失数据
     1>c:\users\叶俊\desktop\sln\sln\watchtest.cpp(21): warning C4244: “初始化”: 从“int”转换到“float”，可能丢失数据
     1>c:\users\叶俊\desktop\sln\sln\watchtest.cpp(23): warning C4244: “=”: 从“int”转换到“float”，可能丢失数据
     1>c:\users\叶俊\desktop\sln\sln\watchtest.cpp(24): warning C4244: “=”: 从“int”转换到“float”，可能丢失数据
     1>c:\users\叶俊\desktop\sln\sln\watchtest.cpp(60): warning C4018: “<”: 有符号/无符号不匹配
     1>c:\users\叶俊\desktop\sln\sln\watchtest.cpp(62): warning C4018: “>”: 有符号/无符号不匹配
     1>c:\users\叶俊\desktop\sln\sln\watchtest.cpp(82): warning C4244: “参数”: 从“double”转换到“int”，可能丢失数据
     1>c:\users\叶俊\desktop\sln\sln\watchtest.cpp(82): warning C4244: “参数”: 从“double”转换到“int”，可能丢失数据
     1>c:\users\叶俊\desktop\sln\sln\watchtest.cpp(104): warning C4018: “<”: 有符号/无符号不匹配
     1>c:\users\叶俊\desktop\sln\sln\watchtest.cpp(109): warning C4244: “=”: 从“double”转换到“int”，可能丢失数据
     1>c:\users\叶俊\desktop\sln\sln\watchtest.cpp(110): warning C4244: “=”: 从“double”转换到“int”，可能丢失数据
     1>c:\users\叶俊\desktop\sln\sln\watchtest.cpp(118): warning C4244: “初始化”: 从“int”转换到“float”，可能丢失数据
     1>c:\users\叶俊\desktop\sln\sln\watchtest.cpp(119): warning C4244: “初始化”: 从“int”转换到“float”，可能丢失数据
     1>c:\users\叶俊\desktop\sln\sln\watchtest.cpp(155): warning C4018: “<”: 有符号/无符号不匹配
     1>c:\users\叶俊\desktop\sln\sln\watchtest.cpp(161): warning C4018: “<”: 有符号/无符号不匹配
     1>c:\users\叶俊\desktop\sln\sln\watchtest.cpp(183): warning C4244: “return”: 从“double”转换到“float”，可能丢失数据
     1>c:\users\叶俊\desktop\sln\sln\watchtest.cpp(215): warning C4018: “<”: 有符号/无符号不匹配
     1>c:\users\叶俊\desktop\sln\sln\watchtest.cpp(223): warning C4244: “参数”: 从“double”转换到“__w64 int”，可能丢失数据
     1>c:\users\叶俊\desktop\sln\sln\watchtest.cpp(241): warning C4018: “<”: 有符号/无符号不匹配
     1>c:\users\叶俊\desktop\sln\sln\watchtest.cpp(244): warning C4244: “参数”: 从“double”转换到“int”，可能丢失数据
     1>c:\users\叶俊\desktop\sln\sln\watchtest.cpp(244): warning C4244: “参数”: 从“double”转换到“int”，可能丢失数据
     1>c:\users\叶俊\desktop\sln\sln\watchtest.cpp(245): warning C4244: “参数”: 从“double”转换到“int”，可能丢失数据
     1>c:\users\叶俊\desktop\sln\sln\watchtest.cpp(245): warning C4244: “参数”: 从“double”转换到“int”，可能丢失数据
     1>c:\users\叶俊\desktop\sln\sln\watchtest.cpp(278): warning C4018: “<”: 有符号/无符号不匹配
     1>c:\users\叶俊\desktop\sln\sln\watchtest.cpp(286): warning C4244: “=”: 从“double”转换到“uchar”，可能丢失数据
     1>c:\users\叶俊\desktop\sln\sln\watchtest.cpp(287): warning C4244: “=”: 从“double”转换到“uchar”，可能丢失数据
     1>c:\users\叶俊\desktop\sln\sln\watchtest.cpp(288): warning C4244: “=”: 从“double”转换到“uchar”，可能丢失数据
     1>c:\users\叶俊\desktop\sln\sln\watchtest.cpp(310): warning C4018: “<”: 有符号/无符号不匹配
     1>c:\users\叶俊\desktop\sln\sln\watchtest.cpp(312): warning C4244: “参数”: 从“double”转换到“int”，可能丢失数据
     1>c:\users\叶俊\desktop\sln\sln\watchtest.cpp(312): warning C4244: “参数”: 从“double”转换到“int”，可能丢失数据
     1>c:\users\叶俊\desktop\sln\sln\watchtest.cpp(339): warning C4244: “参数”: 从“double”转换到“int”，可能丢失数据
     1>c:\users\叶俊\desktop\sln\sln\watchtest.cpp(339): warning C4244: “参数”: 从“double”转换到“int”，可能丢失数据
     1>c:\users\叶俊\desktop\sln\sln\watchtest.cpp(380): warning C4018: “<”: 有符号/无符号不匹配
     1>c:\users\叶俊\desktop\sln\sln\watchtest.cpp(382): warning C4244: “参数”: 从“double”转换到“int”，可能丢失数据
     1>c:\users\叶俊\desktop\sln\sln\watchtest.cpp(382): warning C4244: “参数”: 从“double”转换到“int”，可能丢失数据
       ManifestResourceCompile:
         所有输出均为最新。
       Link:
         C:\Program Files (x86)\Microsoft Visual Studio 10.0\VC\bin\link.exe /ERRORREPORT:PROMPT /OUT:"C:\Users\叶俊\Desktop\sln\sln\Debug\sln.exe" /INCREMENTAL /NOLOGO opencv_ml2410d.lib opencv_calib3d2410d.lib opencv_contrib2410d.lib opencv_core2410d.lib opencv_features2d2410d.lib opencv_flann2410d.lib opencv_gpu2410d.lib opencv_highgui2410d.lib opencv_imgproc2410d.lib opencv_legacy2410d.lib opencv_objdetect2410d.lib opencv_ts2410d.lib opencv_video2410d.lib opencv_nonfree2410d.lib opencv_ocl2410d.lib opencv_photo2410d.lib opencv_stitching2410d.lib opencv_superres2410d.lib opencv_videostab2410d.lib kernel32.lib user32.lib gdi32.lib winspool.lib comdlg32.lib advapi32.lib shell32.lib ole32.lib oleaut32.lib uuid.lib odbc32.lib odbccp32.lib /MANIFEST /ManifestFile:"Debug\sln.exe.intermediate.manifest" /MANIFESTUAC:"level='asInvoker' uiAccess='false'" /DEBUG /PDB:"C:\Users\叶俊\Desktop\sln\sln\Debug\sln.pdb" /SUBSYSTEM:CONSOLE /TLBID:1 /DYNAMICBASE /NXCOMPAT /IMPLIB:"C:\Users\叶俊\Desktop\sln\sln\Debug\sln.lib" /MACHINE:X86 Debug\sln.exe.embed.manifest.res
         Debug\pa_file.obj
         Debug\watchTest.obj
       Manifest:
         C:\Program Files (x86)\Microsoft SDKs\Windows\v7.0A\bin\mt.exe /nologo /verbose /out:"Debug\sln.exe.embed.manifest" /manifest Debug\sln.exe.intermediate.manifest
         所有输出均为最新。
       LinkEmbedManifest:
         所有输出均为最新。
         sln.vcxproj -> C:\Users\叶俊\Desktop\sln\sln\Debug\sln.exe
       FinalizeBuildStatus:
         正在删除文件“Debug\sln.unsuccessfulbuild”。
         正在对“Debug\sln.lastbuildstate”执行 Touch 任务。
     1>已完成生成项目“C:\Users\叶俊\Desktop\sln\sln\sln.vcxproj”(build 个目标)的操作。

生成成功。

已用时间 00:00:02.62
