C:\Users\叶俊\Desktop\sln\sln\Debug\cl.command.1.tlog
C:\Users\叶俊\Desktop\sln\sln\Debug\CL.read.1.tlog
C:\Users\叶俊\Desktop\sln\sln\Debug\CL.write.1.tlog
C:\Users\叶俊\Desktop\sln\sln\Debug\link.3736.read.1.tlog
C:\Users\叶俊\Desktop\sln\sln\Debug\link.3736.write.1.tlog
C:\Users\叶俊\Desktop\sln\sln\Debug\link.3736-cvtres.read.1.tlog
C:\Users\叶俊\Desktop\sln\sln\Debug\link.3736-cvtres.write.1.tlog
C:\Users\叶俊\Desktop\sln\sln\Debug\link.8792.read.1.tlog
C:\Users\叶俊\Desktop\sln\sln\Debug\link.8792.write.1.tlog
C:\Users\叶俊\Desktop\sln\sln\Debug\link.8792-cvtres.read.1.tlog
C:\Users\叶俊\Desktop\sln\sln\Debug\link.8792-cvtres.write.1.tlog
C:\Users\叶俊\Desktop\sln\sln\Debug\link.command.1.tlog
C:\Users\叶俊\Desktop\sln\sln\Debug\link.read.1.tlog
C:\Users\叶俊\Desktop\sln\sln\Debug\link.write.1.tlog
C:\Users\叶俊\Desktop\sln\sln\Debug\link-cvtres.read.1.tlog
C:\Users\叶俊\Desktop\sln\sln\Debug\link-cvtres.write.1.tlog
C:\Users\叶俊\Desktop\sln\sln\Debug\mt.command.1.tlog
C:\Users\叶俊\Desktop\sln\sln\Debug\mt.read.1.tlog
C:\Users\叶俊\Desktop\sln\sln\Debug\mt.write.1.tlog
C:\USERS\叶俊\DESKTOP\SLN\SLN\DEBUG\PA_FILE.OBJ
C:\Users\叶俊\Desktop\sln\sln\Debug\rc.command.1.tlog
C:\Users\叶俊\Desktop\sln\sln\Debug\rc.read.1.tlog
C:\Users\叶俊\Desktop\sln\sln\Debug\rc.write.1.tlog
C:\USERS\叶俊\DESKTOP\SLN\SLN\DEBUG\SLN.EXE
C:\USERS\叶俊\DESKTOP\SLN\SLN\DEBUG\SLN.EXE.EMBED.MANIFEST
C:\USERS\叶俊\DESKTOP\SLN\SLN\DEBUG\SLN.EXE.EMBED.MANIFEST.RES
C:\USERS\叶俊\DESKTOP\SLN\SLN\DEBUG\SLN.EXE.INTERMEDIATE.MANIFEST
C:\USERS\叶俊\DESKTOP\SLN\SLN\DEBUG\SLN.ILK
C:\USERS\叶俊\DESKTOP\SLN\SLN\DEBUG\SLN.PDB
C:\Users\叶俊\Desktop\sln\sln\Debug\sln.vcxprojResolveAssemblyReference.cache
C:\Users\叶俊\Desktop\sln\sln\Debug\sln.write.1.tlog
C:\Users\叶俊\Desktop\sln\sln\Debug\sln_manifest.rc
C:\Users\叶俊\Desktop\sln\sln\Debug\vc100.idb
C:\USERS\叶俊\DESKTOP\SLN\SLN\DEBUG\VC100.PDB
C:\USERS\叶俊\DESKTOP\SLN\SLN\DEBUG\WATCHTEST.OBJ
